--------------------
./configure
Wed Jul 12 21:37:41 UTC 2023
=== ztest3704.c ===
extern int getchar();
int hello() {return getchar();}
===
clang-16 -c ztest3704.c
... using gcc

Checking for obsessive-compulsive compiler options...
=== ztest3704.c ===
int foo() { return 0; }
===
clang-16 -c --target=wasm32-wasi --sysroot=/wasi-sysroot ztest3704.c

Checking for shared library support...
=== ztest3704.c ===
extern int getchar();
int hello() {return getchar();}
===
clang-16 -w -c --target=wasm32-wasi --sysroot=/wasi-sysroot -fPIC ztest3704.c
clang-16 -shared -Wl,-soname,libz.so.1,--version-script,zlib.map --target=wasm32-wasi --sysroot=/wasi-sysroot -fPIC -o ztest3704.so ztest3704.o
clang: warning: argument unused during compilation: '-shared' [-Wunused-command-line-argument]
wasm-ld-16: error: unknown argument: -soname
wasm-ld-16: error: unknown argument: --version-script
wasm-ld-16: error: cannot open libz.so.1: No such file or directory
wasm-ld-16: error: unknown file type: zlib.map
clang: error: linker command failed with exit code 1 (use -v to see invocation)
(exit code 1)
No shared library support; try without defining CC and CFLAGS
Building static library libz.a version 1.2.13 with clang-16.

=== ztest3704.c ===
#include <stdio.h>
#include <stdlib.h>
size_t dummy = 0;
===
clang-16 -c --target=wasm32-wasi --sysroot=/wasi-sysroot ztest3704.c
Checking for size_t... Yes.

=== ztest3704.c ===
#include <sys/types.h>
off64_t dummy = 0;
===
clang-16 -c --target=wasm32-wasi --sysroot=/wasi-sysroot -D_LARGEFILE64_SOURCE=1 ztest3704.c
Checking for off64_t... Yes.
Checking for fseeko... Yes.

=== ztest3704.c ===
#include <string.h>
#include <errno.h>
int main() { return strlen(strerror(errno)); }
===
clang-16 --target=wasm32-wasi --sysroot=/wasi-sysroot -D_LARGEFILE64_SOURCE=1 -o ztest3704 ztest3704.c
Checking for strerror... Yes.

=== ztest3704.c ===
#include <unistd.h>
int main() { return 0; }
===
clang-16 -c --target=wasm32-wasi --sysroot=/wasi-sysroot -D_LARGEFILE64_SOURCE=1 ztest3704.c
Checking for unistd.h... Yes.

=== ztest3704.c ===
#include <stdarg.h>
int main() { return 0; }
===
clang-16 -c --target=wasm32-wasi --sysroot=/wasi-sysroot -D_LARGEFILE64_SOURCE=1 ztest3704.c
Checking for stdarg.h... Yes.

=== ztest3704.c ===
#include <stdio.h>
#include <stdarg.h>
#include "zconf.h"
int main()
{
#ifndef STDC
  choke me
#endif
  return 0;
}
===
clang-16 -c --target=wasm32-wasi --sysroot=/wasi-sysroot -D_LARGEFILE64_SOURCE=1 ztest3704.c
Checking whether to use vs[n]printf() or s[n]printf()... using vs[n]printf().

=== ztest3704.c ===
#include <stdio.h>
#include <stdarg.h>
int mytest(const char *fmt, ...)
{
  char buf[20];
  va_list ap;
  va_start(ap, fmt);
  vsnprintf(buf, sizeof(buf), fmt, ap);
  va_end(ap);
  return 0;
}
int main()
{
  return (mytest("Hello%d\n", 1));
}
===
clang-16 --target=wasm32-wasi --sysroot=/wasi-sysroot -D_LARGEFILE64_SOURCE=1 -o ztest3704 ztest3704.c
Checking for vsnprintf() in stdio.h... Yes.

=== ztest3704.c ===
#include <stdio.h>
#include <stdarg.h>
int mytest(const char *fmt, ...)
{
  int n;
  char buf[20];
  va_list ap;
  va_start(ap, fmt);
  n = vsnprintf(buf, sizeof(buf), fmt, ap);
  va_end(ap);
  return n;
}
int main()
{
  return (mytest("Hello%d\n", 1));
}
===
clang-16 -c --target=wasm32-wasi --sysroot=/wasi-sysroot -D_LARGEFILE64_SOURCE=1 ztest3704.c
Checking for return value of vsnprintf()... Yes.

=== ztest3704.c ===
#define ZLIB_INTERNAL __attribute__((visibility ("hidden")))
int ZLIB_INTERNAL foo;
int main()
{
  return 0;
}
===
clang-16 -c --target=wasm32-wasi --sysroot=/wasi-sysroot -D_LARGEFILE64_SOURCE=1 ztest3704.c
Checking for attribute(visibility) support... Yes.

ALL = static all64
AR = llvm-ar-16
ARFLAGS = rc
CC = clang-16
CFLAGS = --target=wasm32-wasi --sysroot=/wasi-sysroot -D_LARGEFILE64_SOURCE=1 -DHAVE_HIDDEN
CPP =
EXE =
LDCONFIG = ldconfig
LDFLAGS = --target=wasm32-wasi --sysroot=/wasi-sysroot
LDSHARED = clang-16
LDSHAREDLIBC = -lc
OBJC = $(OBJZ) $(OBJG)
PIC_OBJC = $(PIC_OBJZ) $(PIC_OBJG)
RANLIB = llvm-ranlib-16
SFLAGS = --target=wasm32-wasi --sysroot=/wasi-sysroot -fPIC -D_LARGEFILE64_SOURCE=1 -DHAVE_HIDDEN
SHAREDLIB =
SHAREDLIBM =
SHAREDLIBV =
STATICLIB = libz.a
TEST = all teststatic test64
VER = 1.2.13
SRCDIR =
exec_prefix = ${prefix}
includedir = ${prefix}/include
libdir = ${exec_prefix}/lib
mandir = ${prefix}/share/man
prefix = /usr/local
sharedlibdir = ${libdir}
uname = Linux
--------------------


--------------------
./configure
Tue 18 Jul 2023 06:05:55 AM UTC
Checking for gcc...
=== ztest2549971.c ===
extern int getchar();
int hello() {return getchar();}
===
gcc -c ztest2549971.c
... using gcc

Checking for obsessive-compulsive compiler options...
=== ztest2549971.c ===
int foo() { return 0; }
===
gcc -c -O3 ztest2549971.c

Checking for shared library support...
=== ztest2549971.c ===
extern int getchar();
int hello() {return getchar();}
===
gcc -w -c -O3 -fPIC ztest2549971.c
gcc -shared -Wl,-soname,libz.so.1,--version-script,zlib.map -O3 -fPIC -o ztest2549971.so ztest2549971.o
Building shared library libz.so.1.2.13 with gcc.

=== ztest2549971.c ===
#include <stdio.h>
#include <stdlib.h>
size_t dummy = 0;
===
gcc -c -O3 ztest2549971.c
Checking for size_t... Yes.

=== ztest2549971.c ===
#include <sys/types.h>
off64_t dummy = 0;
===
gcc -c -O3 -D_LARGEFILE64_SOURCE=1 ztest2549971.c
Checking for off64_t... Yes.
Checking for fseeko... Yes.

=== ztest2549971.c ===
#include <string.h>
#include <errno.h>
int main() { return strlen(strerror(errno)); }
===
gcc -O3 -D_LARGEFILE64_SOURCE=1 -o ztest2549971 ztest2549971.c
Checking for strerror... Yes.

=== ztest2549971.c ===
#include <unistd.h>
int main() { return 0; }
===
gcc -c -O3 -D_LARGEFILE64_SOURCE=1 ztest2549971.c
Checking for unistd.h... Yes.

=== ztest2549971.c ===
#include <stdarg.h>
int main() { return 0; }
===
gcc -c -O3 -D_LARGEFILE64_SOURCE=1 ztest2549971.c
Checking for stdarg.h... Yes.

=== ztest2549971.c ===
#include <stdio.h>
#include <stdarg.h>
#include "zconf.h"
int main()
{
#ifndef STDC
  choke me
#endif
  return 0;
}
===
gcc -c -O3 -D_LARGEFILE64_SOURCE=1 ztest2549971.c
Checking whether to use vs[n]printf() or s[n]printf()... using vs[n]printf().

=== ztest2549971.c ===
#include <stdio.h>
#include <stdarg.h>
int mytest(const char *fmt, ...)
{
  char buf[20];
  va_list ap;
  va_start(ap, fmt);
  vsnprintf(buf, sizeof(buf), fmt, ap);
  va_end(ap);
  return 0;
}
int main()
{
  return (mytest("Hello%d\n", 1));
}
===
gcc -O3 -D_LARGEFILE64_SOURCE=1 -o ztest2549971 ztest2549971.c
Checking for vsnprintf() in stdio.h... Yes.

=== ztest2549971.c ===
#include <stdio.h>
#include <stdarg.h>
int mytest(const char *fmt, ...)
{
  int n;
  char buf[20];
  va_list ap;
  va_start(ap, fmt);
  n = vsnprintf(buf, sizeof(buf), fmt, ap);
  va_end(ap);
  return n;
}
int main()
{
  return (mytest("Hello%d\n", 1));
}
===
gcc -c -O3 -D_LARGEFILE64_SOURCE=1 ztest2549971.c
Checking for return value of vsnprintf()... Yes.

=== ztest2549971.c ===
#define ZLIB_INTERNAL __attribute__((visibility ("hidden")))
int ZLIB_INTERNAL foo;
int main()
{
  return 0;
}
===
gcc -c -O3 -D_LARGEFILE64_SOURCE=1 ztest2549971.c
Checking for attribute(visibility) support... Yes.

ALL = static shared all64
AR = ar
ARFLAGS = rc
CC = gcc
CFLAGS = -O3 -D_LARGEFILE64_SOURCE=1 -DHAVE_HIDDEN
CPP =
EXE =
LDCONFIG = ldconfig
LDFLAGS =
LDSHARED = gcc -shared -Wl,-soname,libz.so.1,--version-script,zlib.map
LDSHAREDLIBC = -lc
OBJC = $(OBJZ) $(OBJG)
PIC_OBJC = $(PIC_OBJZ) $(PIC_OBJG)
RANLIB = ranlib
SFLAGS = -O3 -fPIC -D_LARGEFILE64_SOURCE=1 -DHAVE_HIDDEN
SHAREDLIB = libz.so
SHAREDLIBM = libz.so.1
SHAREDLIBV = libz.so.1.2.13
STATICLIB = libz.a
TEST = all teststatic testshared test64
VER = 1.2.13
SRCDIR =
exec_prefix = ${prefix}
includedir = ${prefix}/include
libdir = ${exec_prefix}/lib
mandir = ${prefix}/share/man
prefix = /usr/local
sharedlibdir = ${libdir}
uname = Linux
--------------------


